{
  "RSpec": {
    "coverage": {
      "/home/bchk/dev/gotorails/app/helpers/application_helper.rb": {
        "lines": [
          null,
          null,
          1,
          null
        ]
      },
      "/home/bchk/dev/gotorails/app/helpers/pages_helper.rb": {
        "lines": [
          null,
          null,
          1,
          null
        ]
      },
      "/home/bchk/dev/gotorails/app/helpers/tasks_helper.rb": {
        "lines": [
          null,
          null,
          1,
          null
        ]
      },
      "/home/bchk/dev/gotorails/app/controllers/users_controller.rb": {
        "lines": [
          null,
          null,
          1,
          1,
          null,
          1,
          2,
          null,
          null,
          1,
          4,
          4,
          null,
          3,
          3,
          null,
          null,
          1,
          2,
          2,
          null,
          null,
          1,
          null,
          1,
          2,
          null,
          null,
          1,
          4,
          null,
          null
        ]
      },
      "/home/bchk/dev/gotorails/app/controllers/application_controller.rb": {
        "lines": [
          null,
          null,
          1,
          null,
          1,
          null
        ]
      },
      "/home/bchk/dev/gotorails/app/models/user.rb": {
        "lines": [
          null,
          null,
          1,
          1,
          null,
          1,
          1,
          null,
          1,
          null,
          null,
          1,
          null
        ]
      },
      "/home/bchk/dev/gotorails/app/models/application_record.rb": {
        "lines": [
          null,
          null,
          1,
          1,
          null
        ]
      },
      "/home/bchk/dev/gotorails/app/models/task.rb": {
        "lines": [
          null,
          null,
          1,
          1,
          null
        ]
      },
      "/home/bchk/dev/gotorails/app/models/user_setting.rb": {
        "lines": [
          null,
          null,
          1,
          1,
          null
        ]
      }
    },
    "timestamp": 1726662098
  }
}
